c:\users\sachi\documents\visual studio 2015\projects\sachin_project1\xmldocument\xmldocument\debug\xmldocument.pdb
c:\users\sachi\documents\visual studio 2015\projects\sachin_project1\xmldocument\xmldocument\debug\xmldocument.idb
c:\users\sachi\documents\visual studio 2015\projects\sachin_project1\xmldocument\xmldocument\debug\tokenizer.obj
c:\users\sachi\documents\visual studio 2015\projects\sachin_project1\xmldocument\xmldocument\debug\xmlelementparts.obj
c:\users\sachi\documents\visual studio 2015\projects\sachin_project1\xmldocument\xmldocument\debug\xmlelement.obj
c:\users\sachi\documents\visual studio 2015\projects\sachin_project1\xmldocument\xmldocument\debug\xmlparser.obj
c:\users\sachi\documents\visual studio 2015\projects\sachin_project1\xmldocument\xmldocument\debug\xmldocument.obj
c:\users\sachi\documents\visual studio 2015\projects\sachin_project1\debug\xmldocument.lib
c:\users\sachi\desktop\sachin_project1\xmldocument\xmldocument\debug\tokenizer.obj
c:\users\sachi\desktop\sachin_project1\xmldocument\xmldocument\debug\xmldocument.obj
c:\users\sachi\desktop\sachin_project1\xmldocument\xmldocument\debug\xmlelement.obj
c:\users\sachi\desktop\sachin_project1\xmldocument\xmldocument\debug\xmlelementparts.obj
c:\users\sachi\desktop\sachin_project1\xmldocument\xmldocument\debug\xmlparser.obj
c:\users\sachi\desktop\sachin_project1\xmldocument\xmldocument\debug\xmldocument.idb
c:\users\sachi\desktop\sachin_project1\xmldocument\xmldocument\debug\xmldocument.pdb
c:\users\sachi\desktop\sachin_project1\debug\xmldocument.pdb
c:\users\sachi\desktop\sachin_project1\debug\xmldocument.lib
c:\users\sachi\desktop\sachin_project1\xmldocument\xmldocument\debug\xmldocument.tlog\cl.command.1.tlog
c:\users\sachi\desktop\sachin_project1\xmldocument\xmldocument\debug\xmldocument.tlog\cl.read.1.tlog
c:\users\sachi\desktop\sachin_project1\xmldocument\xmldocument\debug\xmldocument.tlog\cl.write.1.tlog
c:\users\sachi\desktop\sachin_project1\xmldocument\xmldocument\debug\xmldocument.tlog\lib-link.read.1.tlog
c:\users\sachi\desktop\sachin_project1\xmldocument\xmldocument\debug\xmldocument.tlog\lib-link.write.1.tlog
c:\users\sachi\desktop\sachin_project1\xmldocument\xmldocument\debug\xmldocument.tlog\lib.command.1.tlog
